<?xml version="1.0" encoding="UTF-8"?>
<!-- Generated by org.testng.reporters.JUnitReportReporter -->
<testsuite hostname="LAPTOP-I8P5TER3" failures="0" tests="1" name="runner.TestRunner" time="9.697" errors="0" timestamp="2025-03-07T11:33:12 IST" skipped="0">
  <testcase classname="runner.TestRunner" name="runScenario" time="9.697"/>
  <system-out/>
</testsuite> <!-- runner.TestRunner -->
